INFO:     Will watch for changes in these directories: ['/Users/home/reps-ai-backend/reps-ai-dashboard-backend']
INFO:     Uvicorn running on http://127.0.0.1:8000 (Press CTRL+C to quit)
INFO:     Started reloader process [93689] using WatchFiles
Process SpawnProcess-1:
Traceback (most recent call last):
  File "/opt/anaconda3/lib/python3.12/multiprocessing/process.py", line 314, in _bootstrap
    self.run()
  File "/opt/anaconda3/lib/python3.12/multiprocessing/process.py", line 108, in run
    self._target(*self._args, **self._kwargs)
  File "/opt/anaconda3/lib/python3.12/site-packages/uvicorn/_subprocess.py", line 76, in subprocess_started
    target(sockets=sockets)
  File "/opt/anaconda3/lib/python3.12/site-packages/uvicorn/server.py", line 61, in run
    return asyncio.run(self.serve(sockets=sockets))
           ^^^^^^^^^^^^^^^^^^^^^^^^^^^^^^^^^^^^^^^^
  File "/opt/anaconda3/lib/python3.12/asyncio/runners.py", line 194, in run
    return runner.run(main)
           ^^^^^^^^^^^^^^^^
  File "/opt/anaconda3/lib/python3.12/asyncio/runners.py", line 118, in run
    return self._loop.run_until_complete(task)
           ^^^^^^^^^^^^^^^^^^^^^^^^^^^^^^^^^^^
  File "uvloop/loop.pyx", line 1518, in uvloop.loop.Loop.run_until_complete
  File "/opt/anaconda3/lib/python3.12/site-packages/uvicorn/server.py", line 68, in serve
    config.load()
  File "/opt/anaconda3/lib/python3.12/site-packages/uvicorn/config.py", line 467, in load
    self.loaded_app = import_from_string(self.app)
                      ^^^^^^^^^^^^^^^^^^^^^^^^^^^^
  File "/opt/anaconda3/lib/python3.12/site-packages/uvicorn/importer.py", line 24, in import_from_string
    raise exc from None
  File "/opt/anaconda3/lib/python3.12/site-packages/uvicorn/importer.py", line 21, in import_from_string
    module = importlib.import_module(module_str)
             ^^^^^^^^^^^^^^^^^^^^^^^^^^^^^^^^^^^
  File "/opt/anaconda3/lib/python3.12/importlib/__init__.py", line 90, in import_module
    return _bootstrap._gcd_import(name[level:], package, level)
           ^^^^^^^^^^^^^^^^^^^^^^^^^^^^^^^^^^^^^^^^^^^^^^^^^^^^
  File "<frozen importlib._bootstrap>", line 1387, in _gcd_import
  File "<frozen importlib._bootstrap>", line 1360, in _find_and_load
  File "<frozen importlib._bootstrap>", line 1331, in _find_and_load_unlocked
  File "<frozen importlib._bootstrap>", line 935, in _load_unlocked
  File "<frozen importlib._bootstrap_external>", line 995, in exec_module
  File "<frozen importlib._bootstrap>", line 488, in _call_with_frames_removed
  File "/Users/home/reps-ai-backend/reps-ai-dashboard-backend/main.py", line 3, in <module>
    from backend.db.connections.database import check_db_connection
  File "/Users/home/reps-ai-backend/reps-ai-dashboard-backend/backend/__init__.py", line 3, in <module>
    from .services.call.factory import create_call_service
  File "/Users/home/reps-ai-backend/reps-ai-dashboard-backend/backend/services/call/__init__.py", line 5, in <module>
    from .factory import create_call_service
  File "/Users/home/reps-ai-backend/reps-ai-dashboard-backend/backend/services/call/factory.py", line 6, in <module>
    from .implementation import DefaultCallService
  File "/Users/home/reps-ai-backend/reps-ai-dashboard-backend/backend/services/call/implementation.py", line 11, in <module>
    from ...integrations.retell.interface import RetellIntegration
  File "/Users/home/reps-ai-backend/reps-ai-dashboard-backend/backend/integrations/retell/__init__.py", line 4, in <module>
    from .factory import create_retell_integration
  File "/Users/home/reps-ai-backend/reps-ai-dashboard-backend/backend/integrations/retell/factory.py", line 6, in <module>
    from .implementation import RetellImplementation
  File "/Users/home/reps-ai-backend/reps-ai-dashboard-backend/backend/integrations/retell/implementation.py", line 2, in <module>
    from retell import Retell
ModuleNotFoundError: No module named 'retell'
INFO:     Stopping reloader process [93689]
